<?xml version="1.0" encoding="UTF-8"?>
<!-- Generated by org.testng.reporters.JUnitXMLReporter -->
<testsuite ignored="0" hostname="Somashekars-iMac.local" failures="0" tests="3" name="Default test" time="18.411" errors="0" timestamp="2023-06-24T21:27:07 IST">
  <testcase classname="nucot.com.april.pagetests.LoginPageTest" name="loginPageTitleTest" time="0.025"/>
  <testcase classname="nucot.com.april.pagetests.LoginPageTest" name="getUrl" time="0.007"/>
  <testcase classname="nucot.com.april.pagetests.LoginPageTest" name="loginTest" time="7.486"/>
</testsuite> <!-- Default test -->
