<?xml version="1.0" encoding="UTF-8"?>
<testng-results ignored="0" total="3" passed="3" failed="0" skipped="0">
  <reporter-output>
  </reporter-output>
  <suite started-at="2023-06-24T21:26:47 IST" name="Default suite" finished-at="2023-06-24T21:27:06 IST" duration-ms="18411">
    <groups>
    </groups>
    <test started-at="2023-06-24T21:26:47 IST" name="Default test" finished-at="2023-06-24T21:27:06 IST" duration-ms="18411">
      <class name="nucot.com.april.pagetests.LoginPageTest">
        <test-method is-config="true" signature="setUp()[pri:0, instance:nucot.com.april.pagetests.LoginPageTest@5fd4f8f5]" started-at="2023-06-24T21:26:47 IST" name="setUp" finished-at="2023-06-24T21:26:58 IST" duration-ms="10745" status="PASS">
          <reporter-output>
          </reporter-output>
        </test-method> <!-- setUp -->
        <test-method signature="loginPageTitleTest()[pri:0, instance:nucot.com.april.pagetests.LoginPageTest@5fd4f8f5]" started-at="2023-06-24T21:26:58 IST" name="loginPageTitleTest" finished-at="2023-06-24T21:26:58 IST" duration-ms="25" status="PASS">
          <reporter-output>
          </reporter-output>
        </test-method> <!-- loginPageTitleTest -->
        <test-method signature="getUrl()[pri:2, instance:nucot.com.april.pagetests.LoginPageTest@5fd4f8f5]" started-at="2023-06-24T21:26:58 IST" name="getUrl" finished-at="2023-06-24T21:26:58 IST" duration-ms="7" status="PASS">
          <reporter-output>
          </reporter-output>
        </test-method> <!-- getUrl -->
        <test-method signature="loginTest()[pri:3, instance:nucot.com.april.pagetests.LoginPageTest@5fd4f8f5]" started-at="2023-06-24T21:26:58 IST" name="loginTest" finished-at="2023-06-24T21:27:06 IST" duration-ms="7486" status="PASS">
          <reporter-output>
          </reporter-output>
        </test-method> <!-- loginTest -->
        <test-method is-config="true" signature="closeApp()[pri:0, instance:nucot.com.april.pagetests.LoginPageTest@5fd4f8f5]" started-at="2023-06-24T21:27:06 IST" name="closeApp" finished-at="2023-06-24T21:27:06 IST" duration-ms="117" status="PASS">
          <reporter-output>
          </reporter-output>
        </test-method> <!-- closeApp -->
      </class> <!-- nucot.com.april.pagetests.LoginPageTest -->
    </test> <!-- Default test -->
  </suite> <!-- Default suite -->
</testng-results>
